Determining if the pthread_create exist failed with the following output:
Change Dir: /home/nano2/cvtest/showCam/CMakeFiles/CMakeTmp

Run Build Command:"/usr/bin/make" "cmTC_78e31/fast"
make[1]: Entering directory '/home/nano2/cvtest/showCam/CMakeFiles/CMakeTmp'
/usr/bin/make -f CMakeFiles/cmTC_78e31.dir/build.make CMakeFiles/cmTC_78e31.dir/build
make[2]: Entering directory '/home/nano2/cvtest/showCam/CMakeFiles/CMakeTmp'
Building C object CMakeFiles/cmTC_78e31.dir/CheckSymbolExists.c.o
/usr/bin/cc   -fPIC    -o CMakeFiles/cmTC_78e31.dir/CheckSymbolExists.c.o   -c /home/nano2/cvtest/showCam/CMakeFiles/CMakeTmp/CheckSymbolExists.c
Linking C executable cmTC_78e31
/usr/bin/cmake -E cmake_link_script CMakeFiles/cmTC_78e31.dir/link.txt --verbose=1
/usr/bin/cc -fPIC     -rdynamic CMakeFiles/cmTC_78e31.dir/CheckSymbolExists.c.o  -o cmTC_78e31 
CMakeFiles/cmTC_78e31.dir/CheckSymbolExists.c.o: In function `main':
CheckSymbolExists.c:(.text+0x14): undefined reference to `pthread_create'
CheckSymbolExists.c:(.text+0x18): undefined reference to `pthread_create'
collect2: error: ld returned 1 exit status
CMakeFiles/cmTC_78e31.dir/build.make:97: recipe for target 'cmTC_78e31' failed
make[2]: *** [cmTC_78e31] Error 1
make[2]: Leaving directory '/home/nano2/cvtest/showCam/CMakeFiles/CMakeTmp'
Makefile:126: recipe for target 'cmTC_78e31/fast' failed
make[1]: *** [cmTC_78e31/fast] Error 2
make[1]: Leaving directory '/home/nano2/cvtest/showCam/CMakeFiles/CMakeTmp'

File /home/nano2/cvtest/showCam/CMakeFiles/CMakeTmp/CheckSymbolExists.c:
/* */
#include <pthread.h>

int main(int argc, char** argv)
{
  (void)argv;
#ifndef pthread_create
  return ((int*)(&pthread_create))[argc];
#else
  (void)argc;
  return 0;
#endif
}

Determining if the function pthread_create exists in the pthreads failed with the following output:
Change Dir: /home/nano2/cvtest/showCam/CMakeFiles/CMakeTmp

Run Build Command:"/usr/bin/make" "cmTC_c1447/fast"
make[1]: Entering directory '/home/nano2/cvtest/showCam/CMakeFiles/CMakeTmp'
/usr/bin/make -f CMakeFiles/cmTC_c1447.dir/build.make CMakeFiles/cmTC_c1447.dir/build
make[2]: Entering directory '/home/nano2/cvtest/showCam/CMakeFiles/CMakeTmp'
Building C object CMakeFiles/cmTC_c1447.dir/CheckFunctionExists.c.o
/usr/bin/cc   -fPIC -DCHECK_FUNCTION_EXISTS=pthread_create   -o CMakeFiles/cmTC_c1447.dir/CheckFunctionExists.c.o   -c /usr/share/cmake-3.10/Modules/CheckFunctionExists.c
Linking C executable cmTC_c1447
/usr/bin/cmake -E cmake_link_script CMakeFiles/cmTC_c1447.dir/link.txt --verbose=1
/usr/bin/cc -fPIC -DCHECK_FUNCTION_EXISTS=pthread_create    -rdynamic CMakeFiles/cmTC_c1447.dir/CheckFunctionExists.c.o  -o cmTC_c1447 -lpthreads 
/usr/bin/ld: cannot find -lpthreads
collect2: error: ld returned 1 exit status
CMakeFiles/cmTC_c1447.dir/build.make:97: recipe for target 'cmTC_c1447' failed
make[2]: *** [cmTC_c1447] Error 1
make[2]: Leaving directory '/home/nano2/cvtest/showCam/CMakeFiles/CMakeTmp'
Makefile:126: recipe for target 'cmTC_c1447/fast' failed
make[1]: *** [cmTC_c1447/fast] Error 2
make[1]: Leaving directory '/home/nano2/cvtest/showCam/CMakeFiles/CMakeTmp'


